<?xml version="1.0" encoding="utf-8"?><testsuites name="pytest tests"><testsuite name="pytest" errors="0" failures="0" skipped="0" tests="53" time="25.944" timestamp="2026-04-16T23:51:27.253114+00:00" hostname="agent-env-b58e4a2c-f5f9-4af1-b504-3e5ac189f95f"><testcase classname="backend.tests.test_csv_upload.TestCSVInventoryUpload" name="test_csv_upload_requires_auth" time="0.146" /><testcase classname="backend.tests.test_csv_upload.TestCSVInventoryUpload" name="test_csv_upload_rejects_missing_gtin_header" time="0.455" /><testcase classname="backend.tests.test_csv_upload.TestCSVInventoryUpload" name="test_csv_upload_updates_existing_products" time="0.719" /><testcase classname="backend.tests.test_csv_upload.TestCSVInventoryUpload" name="test_csv_upload_creates_inventory_log_with_csv_reason" time="0.464" /><testcase classname="backend.tests.test_csv_upload.TestCSVInventoryUpload" name="test_csv_upload_handles_utf8_bom" time="0.440" /><testcase classname="backend.tests.test_csv_upload.TestCSVInventoryUpload" name="test_csv_upload_ignores_empty_rows" time="0.459" /><testcase classname="backend.tests.test_depozio_api.TestHealthCheck" name="test_api_root" time="0.100" /><testcase classname="backend.tests.test_depozio_api.TestAuthEndpoints" name="test_register_creates_user_and_returns_token" time="0.336" /><testcase classname="backend.tests.test_depozio_api.TestAuthEndpoints" name="test_login_admin_success" time="0.353" /><testcase classname="backend.tests.test_depozio_api.TestAuthEndpoints" name="test_login_staff_success" time="0.334" /><testcase classname="backend.tests.test_depozio_api.TestAuthEndpoints" name="test_login_wrong_password_returns_401" time="0.339" /><testcase classname="backend.tests.test_depozio_api.TestAuthEndpoints" name="test_login_nonexistent_user_returns_401" time="0.146" /><testcase classname="backend.tests.test_depozio_api.TestAuthEndpoints" name="test_me_with_bearer_token" time="0.486" /><testcase classname="backend.tests.test_depozio_api.TestAuthEndpoints" name="test_me_without_token_returns_401" time="0.109" /><testcase classname="backend.tests.test_depozio_api.TestDashboardStats" name="test_dashboard_stats_returns_expected_fields" time="0.492" /><testcase classname="backend.tests.test_depozio_api.TestProductsEndpoints" name="test_list_products_returns_seeded_data" time="0.516" /><testcase classname="backend.tests.test_depozio_api.TestProductsEndpoints" name="test_search_product_by_gtin_found" time="0.457" /><testcase classname="backend.tests.test_depozio_api.TestProductsEndpoints" name="test_search_product_not_found" time="0.470" /><testcase classname="backend.tests.test_depozio_api.TestProductsEndpoints" name="test_create_product_and_auto_inventory" time="0.617" /><testcase classname="backend.tests.test_depozio_api.TestProductsEndpoints" name="test_create_duplicate_gtin_returns_400" time="0.443" /><testcase classname="backend.tests.test_depozio_api.TestInventoryEndpoints" name="test_list_inventory_returns_enriched_data" time="0.525" /><testcase classname="backend.tests.test_depozio_api.TestInventoryEndpoints" name="test_inventory_filter_critical" time="0.506" /><testcase classname="backend.tests.test_depozio_api.TestInventoryEndpoints" name="test_patch_inventory_updates_and_logs" time="0.759" /><testcase classname="backend.tests.test_depozio_api.TestInventoryEndpoints" name="test_inventory_critical_endpoint" time="0.489" /><testcase classname="backend.tests.test_depozio_api.TestSuppliersEndpoints" name="test_list_suppliers_returns_seeded" time="0.491" /><testcase classname="backend.tests.test_depozio_api.TestOrdersEndpoints" name="test_create_order_generates_order_no" time="0.964" /><testcase classname="backend.tests.test_depozio_api.TestOrdersEndpoints" name="test_list_orders_with_enriched_data" time="0.457" /><testcase classname="backend.tests.test_depozio_api.TestOrdersEndpoints" name="test_get_order_detail" time="0.906" /><testcase classname="backend.tests.test_depozio_api.TestOrdersEndpoints" name="test_send_order_admin_only" time="1.356" /><testcase classname="backend.tests.test_depozio_api.TestWorkspaceSetup" name="test_workspace_setup_for_new_user" time="0.800" /><testcase classname="backend.tests.test_depozio_api.TestWorkspaceSetup" name="test_workspace_setup_twice_returns_400" time="0.682" /><testcase classname="backend.tests.test_depozio_api.TestProtectedRoutes" name="test_products_requires_auth" time="0.115" /><testcase classname="backend.tests.test_depozio_api.TestProtectedRoutes" name="test_inventory_requires_auth" time="0.115" /><testcase classname="backend.tests.test_depozio_api.TestProtectedRoutes" name="test_orders_requires_auth" time="0.107" /><testcase classname="backend.tests.test_depozio_api.TestProtectedRoutes" name="test_dashboard_requires_auth" time="0.107" /><testcase classname="backend.tests.test_depozio_api.TestProtectedRoutes" name="test_suppliers_requires_auth" time="0.128" /><testcase classname="backend.tests.test_iteration3_features.TestReportsEndpoints" name="test_monthly_savings_returns_6_buckets" time="0.500" /><testcase classname="backend.tests.test_iteration3_features.TestReportsEndpoints" name="test_category_distribution_returns_sorted_array" time="0.609" /><testcase classname="backend.tests.test_iteration3_features.TestReportsEndpoints" name="test_orders_csv_returns_csv_with_attachment_header" time="0.482" /><testcase classname="backend.tests.test_iteration3_features.TestSuppliersCRUD" name="test_patch_supplier_updates_fields" time="0.706" /><testcase classname="backend.tests.test_iteration3_features.TestSuppliersCRUD" name="test_delete_supplier_admin_only" time="1.116" /><testcase classname="backend.tests.test_iteration3_features.TestSuppliersCRUD" name="test_delete_nonexistent_supplier_returns_404" time="0.462" /><testcase classname="backend.tests.test_iteration3_features.TestSupplierPricesCSV" name="test_supplier_prices_csv_upserts_prices" time="0.620" /><testcase classname="backend.tests.test_iteration3_features.TestSupplierPricesCSV" name="test_supplier_prices_csv_updates_price_list_timestamp" time="0.707" /><testcase classname="backend.tests.test_iteration3_features.TestSupplierPricesCSV" name="test_supplier_prices_csv_unknown_supplier_returns_404" time="0.469" /><testcase classname="backend.tests.test_iteration3_features.TestDiscountRules" name="test_list_discount_rules_returns_workspace_scoped" time="0.436" /><testcase classname="backend.tests.test_iteration3_features.TestDiscountRules" name="test_create_discount_rule_admin_only" time="1.110" /><testcase classname="backend.tests.test_iteration3_features.TestDiscountRules" name="test_delete_discount_rule_admin_only" time="1.257" /><testcase classname="backend.tests.test_iteration3_features.TestDiscountRules" name="test_delete_nonexistent_rule_returns_404" time="0.463" /><testcase classname="backend.tests.test_iteration3_features.TestReportsRequireAuth" name="test_monthly_savings_requires_auth" time="0.107" /><testcase classname="backend.tests.test_iteration3_features.TestReportsRequireAuth" name="test_category_distribution_requires_auth" time="0.139" /><testcase classname="backend.tests.test_iteration3_features.TestReportsRequireAuth" name="test_orders_csv_requires_auth" time="0.121" /><testcase classname="backend.tests.test_iteration3_features.TestReportsRequireAuth" name="test_discount_rules_requires_auth" time="0.144" /></testsuite></testsuites>