<?xml version="1.0" encoding="utf-8"?><testsuites name="pytest tests"><testsuite name="pytest" errors="0" failures="0" skipped="0" tests="30" time="14.172" timestamp="2026-04-16T23:22:14.931717+00:00" hostname="agent-env-b58e4a2c-f5f9-4af1-b504-3e5ac189f95f"><testcase classname="backend.tests.test_depozio_api.TestHealthCheck" name="test_api_root" time="0.279" /><testcase classname="backend.tests.test_depozio_api.TestAuthEndpoints" name="test_register_creates_user_and_returns_token" time="0.350" /><testcase classname="backend.tests.test_depozio_api.TestAuthEndpoints" name="test_login_admin_success" time="0.405" /><testcase classname="backend.tests.test_depozio_api.TestAuthEndpoints" name="test_login_staff_success" time="0.377" /><testcase classname="backend.tests.test_depozio_api.TestAuthEndpoints" name="test_login_wrong_password_returns_401" time="0.362" /><testcase classname="backend.tests.test_depozio_api.TestAuthEndpoints" name="test_login_nonexistent_user_returns_401" time="0.116" /><testcase classname="backend.tests.test_depozio_api.TestAuthEndpoints" name="test_me_with_bearer_token" time="0.473" /><testcase classname="backend.tests.test_depozio_api.TestAuthEndpoints" name="test_me_without_token_returns_401" time="0.106" /><testcase classname="backend.tests.test_depozio_api.TestDashboardStats" name="test_dashboard_stats_returns_expected_fields" time="0.476" /><testcase classname="backend.tests.test_depozio_api.TestProductsEndpoints" name="test_list_products_returns_seeded_data" time="0.551" /><testcase classname="backend.tests.test_depozio_api.TestProductsEndpoints" name="test_search_product_by_gtin_found" time="0.502" /><testcase classname="backend.tests.test_depozio_api.TestProductsEndpoints" name="test_search_product_not_found" time="0.482" /><testcase classname="backend.tests.test_depozio_api.TestProductsEndpoints" name="test_create_product_and_auto_inventory" time="0.707" /><testcase classname="backend.tests.test_depozio_api.TestProductsEndpoints" name="test_create_duplicate_gtin_returns_400" time="0.448" /><testcase classname="backend.tests.test_depozio_api.TestInventoryEndpoints" name="test_list_inventory_returns_enriched_data" time="0.532" /><testcase classname="backend.tests.test_depozio_api.TestInventoryEndpoints" name="test_inventory_filter_critical" time="0.472" /><testcase classname="backend.tests.test_depozio_api.TestInventoryEndpoints" name="test_patch_inventory_updates_and_logs" time="0.813" /><testcase classname="backend.tests.test_depozio_api.TestInventoryEndpoints" name="test_inventory_critical_endpoint" time="0.477" /><testcase classname="backend.tests.test_depozio_api.TestSuppliersEndpoints" name="test_list_suppliers_returns_seeded" time="0.458" /><testcase classname="backend.tests.test_depozio_api.TestOrdersEndpoints" name="test_create_order_generates_order_no" time="0.760" /><testcase classname="backend.tests.test_depozio_api.TestOrdersEndpoints" name="test_list_orders_with_enriched_data" time="0.478" /><testcase classname="backend.tests.test_depozio_api.TestOrdersEndpoints" name="test_get_order_detail" time="0.918" /><testcase classname="backend.tests.test_depozio_api.TestOrdersEndpoints" name="test_send_order_admin_only" time="1.433" /><testcase classname="backend.tests.test_depozio_api.TestWorkspaceSetup" name="test_workspace_setup_for_new_user" time="0.759" /><testcase classname="backend.tests.test_depozio_api.TestWorkspaceSetup" name="test_workspace_setup_twice_returns_400" time="0.647" /><testcase classname="backend.tests.test_depozio_api.TestProtectedRoutes" name="test_products_requires_auth" time="0.141" /><testcase classname="backend.tests.test_depozio_api.TestProtectedRoutes" name="test_inventory_requires_auth" time="0.101" /><testcase classname="backend.tests.test_depozio_api.TestProtectedRoutes" name="test_orders_requires_auth" time="0.116" /><testcase classname="backend.tests.test_depozio_api.TestProtectedRoutes" name="test_dashboard_requires_auth" time="0.130" /><testcase classname="backend.tests.test_depozio_api.TestProtectedRoutes" name="test_suppliers_requires_auth" time="0.110" /></testsuite></testsuites>